<?xml version="1.0" encoding="UTF-8"?>
<!-- Generated by org.testng.reporters.JUnitReportReporter -->
<testsuite hostname="DESKTOP-9QJFTD7" failures="0" tests="3" name="com.amazon.testcases.AwsPageTest" time="38.824" errors="0" timestamp="2023-11-28T20:21:31 EST" skipped="0">
  <testcase classname="com.amazon.testcases.AwsPageTest" name="validateText" time="14.220"/>
  <testcase classname="com.amazon.testcases.AwsPageTest" name="ValidateAwsPageTitle" time="10.414"/>
  <testcase classname="com.amazon.testcases.AwsPageTest" name="ImageValidations" time="14.190"/>
</testsuite> <!-- com.amazon.testcases.AwsPageTest -->
